<?xml version="1.0" encoding="UTF-8"?>
<testsuite xmlns:xsi="http://www.w3.org/2001/XMLSchema-instance" xsi:noNamespaceSchemaLocation="https://maven.apache.org/surefire/maven-surefire-plugin/xsd/surefire-test-report.xsd" name="com.example.chefemcasabff.ChefemcasaBffApplicationTests" time="3.84" tests="1" errors="0" skipped="0" failures="0">
  <properties>
    <property name="java.specification.version" value="14"/>
    <property name="sun.cpu.isalist" value="amd64"/>
    <property name="sun.jnu.encoding" value="Cp1252"/>
    <property name="java.class.path" value="C:\Users\famil\Desktop\HackPelaGastronomia\chefemcasa-bff\target\test-classes;C:\Users\famil\Desktop\HackPelaGastronomia\chefemcasa-bff\target\classes;C:\Users\famil\.m2\repository\org\springdoc\springdoc-openapi-ui\1.2.32\springdoc-openapi-ui-1.2.32.jar;C:\Users\famil\.m2\repository\org\springdoc\springdoc-openapi-webmvc-core\1.2.32\springdoc-openapi-webmvc-core-1.2.32.jar;C:\Users\famil\.m2\repository\org\springdoc\springdoc-openapi-common\1.2.32\springdoc-openapi-common-1.2.32.jar;C:\Users\famil\.m2\repository\io\swagger\core\v3\swagger-models\2.1.1\swagger-models-2.1.1.jar;C:\Users\famil\.m2\repository\io\swagger\core\v3\swagger-annotations\2.1.1\swagger-annotations-2.1.1.jar;C:\Users\famil\.m2\repository\io\swagger\core\v3\swagger-integration\2.1.1\swagger-integration-2.1.1.jar;C:\Users\famil\.m2\repository\io\swagger\core\v3\swagger-core\2.1.1\swagger-core-2.1.1.jar;C:\Users\famil\.m2\repository\javax\xml\bind\jaxb-api\2.3.1\jaxb-api-2.3.1.jar;C:\Users\famil\.m2\repository\javax\activation\javax.activation-api\1.2.0\javax.activation-api-1.2.0.jar;C:\Users\famil\.m2\repository\com\fasterxml\jackson\dataformat\jackson-dataformat-yaml\2.11.2\jackson-dataformat-yaml-2.11.2.jar;C:\Users\famil\.m2\repository\javax\validation\validation-api\2.0.1.Final\validation-api-2.0.1.Final.jar;C:\Users\famil\.m2\repository\io\github\classgraph\classgraph\4.8.44\classgraph-4.8.44.jar;C:\Users\famil\.m2\repository\org\springframework\spring-webmvc\5.2.8.RELEASE\spring-webmvc-5.2.8.RELEASE.jar;C:\Users\famil\.m2\repository\org\springframework\spring-aop\5.2.8.RELEASE\spring-aop-5.2.8.RELEASE.jar;C:\Users\famil\.m2\repository\org\springframework\spring-beans\5.2.8.RELEASE\spring-beans-5.2.8.RELEASE.jar;C:\Users\famil\.m2\repository\org\springframework\spring-expression\5.2.8.RELEASE\spring-expression-5.2.8.RELEASE.jar;C:\Users\famil\.m2\repository\org\webjars\swagger-ui\3.25.0\swagger-ui-3.25.0.jar;C:\Users\famil\.m2\repository\org\webjars\webjars-locator\0.38\webjars-locator-0.38.jar;C:\Users\famil\.m2\repository\org\webjars\webjars-locator-core\0.45\webjars-locator-core-0.45.jar;C:\Users\famil\.m2\repository\com\fasterxml\jackson\core\jackson-core\2.11.2\jackson-core-2.11.2.jar;C:\Users\famil\.m2\repository\com\fasterxml\jackson\core\jackson-databind\2.11.2\jackson-databind-2.11.2.jar;C:\Users\famil\.m2\repository\com\fasterxml\jackson\core\jackson-annotations\2.11.2\jackson-annotations-2.11.2.jar;C:\Users\famil\.m2\repository\org\apache\commons\commons-lang3\3.10\commons-lang3-3.10.jar;C:\Users\famil\.m2\repository\org\springframework\boot\spring-boot-starter\2.3.3.RELEASE\spring-boot-starter-2.3.3.RELEASE.jar;C:\Users\famil\.m2\repository\org\springframework\boot\spring-boot\2.3.3.RELEASE\spring-boot-2.3.3.RELEASE.jar;C:\Users\famil\.m2\repository\org\springframework\spring-context\5.2.8.RELEASE\spring-context-5.2.8.RELEASE.jar;C:\Users\famil\.m2\repository\org\springframework\boot\spring-boot-autoconfigure\2.3.3.RELEASE\spring-boot-autoconfigure-2.3.3.RELEASE.jar;C:\Users\famil\.m2\repository\org\springframework\boot\spring-boot-starter-logging\2.3.3.RELEASE\spring-boot-starter-logging-2.3.3.RELEASE.jar;C:\Users\famil\.m2\repository\ch\qos\logback\logback-classic\1.2.3\logback-classic-1.2.3.jar;C:\Users\famil\.m2\repository\ch\qos\logback\logback-core\1.2.3\logback-core-1.2.3.jar;C:\Users\famil\.m2\repository\org\apache\logging\log4j\log4j-to-slf4j\2.13.3\log4j-to-slf4j-2.13.3.jar;C:\Users\famil\.m2\repository\org\apache\logging\log4j\log4j-api\2.13.3\log4j-api-2.13.3.jar;C:\Users\famil\.m2\repository\org\slf4j\jul-to-slf4j\1.7.30\jul-to-slf4j-1.7.30.jar;C:\Users\famil\.m2\repository\jakarta\annotation\jakarta.annotation-api\1.3.5\jakarta.annotation-api-1.3.5.jar;C:\Users\famil\.m2\repository\org\springframework\spring-core\5.2.8.RELEASE\spring-core-5.2.8.RELEASE.jar;C:\Users\famil\.m2\repository\org\springframework\spring-jcl\5.2.8.RELEASE\spring-jcl-5.2.8.RELEASE.jar;C:\Users\famil\.m2\repository\org\yaml\snakeyaml\1.26\snakeyaml-1.26.jar;C:\Users\famil\.m2\repository\org\jetbrains\kotlin\kotlin-reflect\1.4.10\kotlin-reflect-1.4.10.jar;C:\Users\famil\.m2\repository\org\jetbrains\kotlin\kotlin-stdlib\1.4.10\kotlin-stdlib-1.4.10.jar;C:\Users\famil\.m2\repository\org\jetbrains\kotlin\kotlin-stdlib-common\1.4.10\kotlin-stdlib-common-1.4.10.jar;C:\Users\famil\.m2\repository\org\jetbrains\annotations\13.0\annotations-13.0.jar;C:\Users\famil\.m2\repository\org\jetbrains\kotlin\kotlin-stdlib-jdk8\1.4.10\kotlin-stdlib-jdk8-1.4.10.jar;C:\Users\famil\.m2\repository\org\jetbrains\kotlin\kotlin-stdlib-jdk7\1.4.10\kotlin-stdlib-jdk7-1.4.10.jar;C:\Users\famil\.m2\repository\br\com\zup\beagle\beagle-spring-starter\1.2.0\beagle-spring-starter-1.2.0.jar;C:\Users\famil\.m2\repository\org\springframework\boot\spring-boot-starter-web\2.3.3.RELEASE\spring-boot-starter-web-2.3.3.RELEASE.jar;C:\Users\famil\.m2\repository\org\springframework\boot\spring-boot-starter-json\2.3.3.RELEASE\spring-boot-starter-json-2.3.3.RELEASE.jar;C:\Users\famil\.m2\repository\com\fasterxml\jackson\datatype\jackson-datatype-jdk8\2.11.2\jackson-datatype-jdk8-2.11.2.jar;C:\Users\famil\.m2\repository\com\fasterxml\jackson\datatype\jackson-datatype-jsr310\2.11.2\jackson-datatype-jsr310-2.11.2.jar;C:\Users\famil\.m2\repository\com\fasterxml\jackson\module\jackson-module-parameter-names\2.11.2\jackson-module-parameter-names-2.11.2.jar;C:\Users\famil\.m2\repository\org\springframework\boot\spring-boot-starter-tomcat\2.3.3.RELEASE\spring-boot-starter-tomcat-2.3.3.RELEASE.jar;C:\Users\famil\.m2\repository\org\apache\tomcat\embed\tomcat-embed-core\9.0.37\tomcat-embed-core-9.0.37.jar;C:\Users\famil\.m2\repository\org\glassfish\jakarta.el\3.0.3\jakarta.el-3.0.3.jar;C:\Users\famil\.m2\repository\org\apache\tomcat\embed\tomcat-embed-websocket\9.0.37\tomcat-embed-websocket-9.0.37.jar;C:\Users\famil\.m2\repository\org\springframework\spring-web\5.2.8.RELEASE\spring-web-5.2.8.RELEASE.jar;C:\Users\famil\.m2\repository\br\com\zup\beagle\framework\1.2.0\framework-1.2.0.jar;C:\Users\famil\.m2\repository\br\com\zup\beagle\backend-widgets-dsl\1.2.0\backend-widgets-dsl-1.2.0.jar;C:\Users\famil\.m2\repository\br\com\zup\beagle\backend-widgets\1.2.0\backend-widgets-1.2.0.jar;C:\Users\famil\.m2\repository\br\com\zup\beagle\annotation\1.2.0\annotation-1.2.0.jar;C:\Users\famil\.m2\repository\br\com\zup\beagle\kotlin-core\1.2.0\kotlin-core-1.2.0.jar;C:\Users\famil\.m2\repository\br\com\zup\beagle\extended-schema\1.2.0\extended-schema-1.2.0.jar;C:\Users\famil\.m2\repository\com\fasterxml\jackson\module\jackson-module-kotlin\2.11.2\jackson-module-kotlin-2.11.2.jar;C:\Users\famil\.m2\repository\com\google\guava\guava\29.0-jre\guava-29.0-jre.jar;C:\Users\famil\.m2\repository\com\google\guava\failureaccess\1.0.1\failureaccess-1.0.1.jar;C:\Users\famil\.m2\repository\com\google\guava\listenablefuture\9999.0-empty-to-avoid-conflict-with-guava\listenablefuture-9999.0-empty-to-avoid-conflict-with-guava.jar;C:\Users\famil\.m2\repository\com\google\code\findbugs\jsr305\3.0.2\jsr305-3.0.2.jar;C:\Users\famil\.m2\repository\org\checkerframework\checker-qual\2.11.1\checker-qual-2.11.1.jar;C:\Users\famil\.m2\repository\com\google\errorprone\error_prone_annotations\2.3.4\error_prone_annotations-2.3.4.jar;C:\Users\famil\.m2\repository\com\google\j2objc\j2objc-annotations\1.3\j2objc-annotations-1.3.jar;C:\Users\famil\.m2\repository\org\springframework\boot\spring-boot-starter-test\2.3.3.RELEASE\spring-boot-starter-test-2.3.3.RELEASE.jar;C:\Users\famil\.m2\repository\org\springframework\boot\spring-boot-test\2.3.3.RELEASE\spring-boot-test-2.3.3.RELEASE.jar;C:\Users\famil\.m2\repository\org\springframework\boot\spring-boot-test-autoconfigure\2.3.3.RELEASE\spring-boot-test-autoconfigure-2.3.3.RELEASE.jar;C:\Users\famil\.m2\repository\com\jayway\jsonpath\json-path\2.4.0\json-path-2.4.0.jar;C:\Users\famil\.m2\repository\net\minidev\json-smart\2.3\json-smart-2.3.jar;C:\Users\famil\.m2\repository\net\minidev\accessors-smart\1.2\accessors-smart-1.2.jar;C:\Users\famil\.m2\repository\org\ow2\asm\asm\5.0.4\asm-5.0.4.jar;C:\Users\famil\.m2\repository\org\slf4j\slf4j-api\1.7.30\slf4j-api-1.7.30.jar;C:\Users\famil\.m2\repository\jakarta\xml\bind\jakarta.xml.bind-api\2.3.3\jakarta.xml.bind-api-2.3.3.jar;C:\Users\famil\.m2\repository\jakarta\activation\jakarta.activation-api\1.2.2\jakarta.activation-api-1.2.2.jar;C:\Users\famil\.m2\repository\org\assertj\assertj-core\3.16.1\assertj-core-3.16.1.jar;C:\Users\famil\.m2\repository\org\hamcrest\hamcrest\2.2\hamcrest-2.2.jar;C:\Users\famil\.m2\repository\org\junit\jupiter\junit-jupiter\5.6.2\junit-jupiter-5.6.2.jar;C:\Users\famil\.m2\repository\org\junit\jupiter\junit-jupiter-api\5.6.2\junit-jupiter-api-5.6.2.jar;C:\Users\famil\.m2\repository\org\apiguardian\apiguardian-api\1.1.0\apiguardian-api-1.1.0.jar;C:\Users\famil\.m2\repository\org\opentest4j\opentest4j\1.2.0\opentest4j-1.2.0.jar;C:\Users\famil\.m2\repository\org\junit\platform\junit-platform-commons\1.6.2\junit-platform-commons-1.6.2.jar;C:\Users\famil\.m2\repository\org\junit\jupiter\junit-jupiter-params\5.6.2\junit-jupiter-params-5.6.2.jar;C:\Users\famil\.m2\repository\org\junit\jupiter\junit-jupiter-engine\5.6.2\junit-jupiter-engine-5.6.2.jar;C:\Users\famil\.m2\repository\org\junit\platform\junit-platform-engine\1.6.2\junit-platform-engine-1.6.2.jar;C:\Users\famil\.m2\repository\org\mockito\mockito-core\3.3.3\mockito-core-3.3.3.jar;C:\Users\famil\.m2\repository\net\bytebuddy\byte-buddy\1.10.14\byte-buddy-1.10.14.jar;C:\Users\famil\.m2\repository\net\bytebuddy\byte-buddy-agent\1.10.14\byte-buddy-agent-1.10.14.jar;C:\Users\famil\.m2\repository\org\objenesis\objenesis\2.6\objenesis-2.6.jar;C:\Users\famil\.m2\repository\org\mockito\mockito-junit-jupiter\3.3.3\mockito-junit-jupiter-3.3.3.jar;C:\Users\famil\.m2\repository\org\skyscreamer\jsonassert\1.5.0\jsonassert-1.5.0.jar;C:\Users\famil\.m2\repository\com\vaadin\external\google\android-json\0.0.20131108.vaadin1\android-json-0.0.20131108.vaadin1.jar;C:\Users\famil\.m2\repository\org\springframework\spring-test\5.2.8.RELEASE\spring-test-5.2.8.RELEASE.jar;C:\Users\famil\.m2\repository\org\xmlunit\xmlunit-core\2.7.0\xmlunit-core-2.7.0.jar;"/>
    <property name="java.vm.vendor" value="Oracle Corporation"/>
    <property name="sun.arch.data.model" value="64"/>
    <property name="user.variant" value=""/>
    <property name="java.vendor.url" value="https://java.oracle.com/"/>
    <property name="user.timezone" value="America/Sao_Paulo"/>
    <property name="os.name" value="Windows 10"/>
    <property name="java.vm.specification.version" value="14"/>
    <property name="sun.java.launcher" value="SUN_STANDARD"/>
    <property name="user.country" value="BR"/>
    <property name="sun.boot.library.path" value="C:\Program Files\OpenJDK\jdk-14.0.2\bin"/>
    <property name="sun.java.command" value="C:\Users\famil\AppData\Local\Temp\surefire10259470756068510564\surefirebooter5300392610204428283.jar C:\Users\famil\AppData\Local\Temp\surefire10259470756068510564 2020-09-13T18-49-19_609-jvmRun1 surefire615654425343863924tmp surefire_0473642139404565880tmp"/>
    <property name="jdk.debug" value="release"/>
    <property name="surefire.test.class.path" value="C:\Users\famil\Desktop\HackPelaGastronomia\chefemcasa-bff\target\test-classes;C:\Users\famil\Desktop\HackPelaGastronomia\chefemcasa-bff\target\classes;C:\Users\famil\.m2\repository\org\springdoc\springdoc-openapi-ui\1.2.32\springdoc-openapi-ui-1.2.32.jar;C:\Users\famil\.m2\repository\org\springdoc\springdoc-openapi-webmvc-core\1.2.32\springdoc-openapi-webmvc-core-1.2.32.jar;C:\Users\famil\.m2\repository\org\springdoc\springdoc-openapi-common\1.2.32\springdoc-openapi-common-1.2.32.jar;C:\Users\famil\.m2\repository\io\swagger\core\v3\swagger-models\2.1.1\swagger-models-2.1.1.jar;C:\Users\famil\.m2\repository\io\swagger\core\v3\swagger-annotations\2.1.1\swagger-annotations-2.1.1.jar;C:\Users\famil\.m2\repository\io\swagger\core\v3\swagger-integration\2.1.1\swagger-integration-2.1.1.jar;C:\Users\famil\.m2\repository\io\swagger\core\v3\swagger-core\2.1.1\swagger-core-2.1.1.jar;C:\Users\famil\.m2\repository\javax\xml\bind\jaxb-api\2.3.1\jaxb-api-2.3.1.jar;C:\Users\famil\.m2\repository\javax\activation\javax.activation-api\1.2.0\javax.activation-api-1.2.0.jar;C:\Users\famil\.m2\repository\com\fasterxml\jackson\dataformat\jackson-dataformat-yaml\2.11.2\jackson-dataformat-yaml-2.11.2.jar;C:\Users\famil\.m2\repository\javax\validation\validation-api\2.0.1.Final\validation-api-2.0.1.Final.jar;C:\Users\famil\.m2\repository\io\github\classgraph\classgraph\4.8.44\classgraph-4.8.44.jar;C:\Users\famil\.m2\repository\org\springframework\spring-webmvc\5.2.8.RELEASE\spring-webmvc-5.2.8.RELEASE.jar;C:\Users\famil\.m2\repository\org\springframework\spring-aop\5.2.8.RELEASE\spring-aop-5.2.8.RELEASE.jar;C:\Users\famil\.m2\repository\org\springframework\spring-beans\5.2.8.RELEASE\spring-beans-5.2.8.RELEASE.jar;C:\Users\famil\.m2\repository\org\springframework\spring-expression\5.2.8.RELEASE\spring-expression-5.2.8.RELEASE.jar;C:\Users\famil\.m2\repository\org\webjars\swagger-ui\3.25.0\swagger-ui-3.25.0.jar;C:\Users\famil\.m2\repository\org\webjars\webjars-locator\0.38\webjars-locator-0.38.jar;C:\Users\famil\.m2\repository\org\webjars\webjars-locator-core\0.45\webjars-locator-core-0.45.jar;C:\Users\famil\.m2\repository\com\fasterxml\jackson\core\jackson-core\2.11.2\jackson-core-2.11.2.jar;C:\Users\famil\.m2\repository\com\fasterxml\jackson\core\jackson-databind\2.11.2\jackson-databind-2.11.2.jar;C:\Users\famil\.m2\repository\com\fasterxml\jackson\core\jackson-annotations\2.11.2\jackson-annotations-2.11.2.jar;C:\Users\famil\.m2\repository\org\apache\commons\commons-lang3\3.10\commons-lang3-3.10.jar;C:\Users\famil\.m2\repository\org\springframework\boot\spring-boot-starter\2.3.3.RELEASE\spring-boot-starter-2.3.3.RELEASE.jar;C:\Users\famil\.m2\repository\org\springframework\boot\spring-boot\2.3.3.RELEASE\spring-boot-2.3.3.RELEASE.jar;C:\Users\famil\.m2\repository\org\springframework\spring-context\5.2.8.RELEASE\spring-context-5.2.8.RELEASE.jar;C:\Users\famil\.m2\repository\org\springframework\boot\spring-boot-autoconfigure\2.3.3.RELEASE\spring-boot-autoconfigure-2.3.3.RELEASE.jar;C:\Users\famil\.m2\repository\org\springframework\boot\spring-boot-starter-logging\2.3.3.RELEASE\spring-boot-starter-logging-2.3.3.RELEASE.jar;C:\Users\famil\.m2\repository\ch\qos\logback\logback-classic\1.2.3\logback-classic-1.2.3.jar;C:\Users\famil\.m2\repository\ch\qos\logback\logback-core\1.2.3\logback-core-1.2.3.jar;C:\Users\famil\.m2\repository\org\apache\logging\log4j\log4j-to-slf4j\2.13.3\log4j-to-slf4j-2.13.3.jar;C:\Users\famil\.m2\repository\org\apache\logging\log4j\log4j-api\2.13.3\log4j-api-2.13.3.jar;C:\Users\famil\.m2\repository\org\slf4j\jul-to-slf4j\1.7.30\jul-to-slf4j-1.7.30.jar;C:\Users\famil\.m2\repository\jakarta\annotation\jakarta.annotation-api\1.3.5\jakarta.annotation-api-1.3.5.jar;C:\Users\famil\.m2\repository\org\springframework\spring-core\5.2.8.RELEASE\spring-core-5.2.8.RELEASE.jar;C:\Users\famil\.m2\repository\org\springframework\spring-jcl\5.2.8.RELEASE\spring-jcl-5.2.8.RELEASE.jar;C:\Users\famil\.m2\repository\org\yaml\snakeyaml\1.26\snakeyaml-1.26.jar;C:\Users\famil\.m2\repository\org\jetbrains\kotlin\kotlin-reflect\1.4.10\kotlin-reflect-1.4.10.jar;C:\Users\famil\.m2\repository\org\jetbrains\kotlin\kotlin-stdlib\1.4.10\kotlin-stdlib-1.4.10.jar;C:\Users\famil\.m2\repository\org\jetbrains\kotlin\kotlin-stdlib-common\1.4.10\kotlin-stdlib-common-1.4.10.jar;C:\Users\famil\.m2\repository\org\jetbrains\annotations\13.0\annotations-13.0.jar;C:\Users\famil\.m2\repository\org\jetbrains\kotlin\kotlin-stdlib-jdk8\1.4.10\kotlin-stdlib-jdk8-1.4.10.jar;C:\Users\famil\.m2\repository\org\jetbrains\kotlin\kotlin-stdlib-jdk7\1.4.10\kotlin-stdlib-jdk7-1.4.10.jar;C:\Users\famil\.m2\repository\br\com\zup\beagle\beagle-spring-starter\1.2.0\beagle-spring-starter-1.2.0.jar;C:\Users\famil\.m2\repository\org\springframework\boot\spring-boot-starter-web\2.3.3.RELEASE\spring-boot-starter-web-2.3.3.RELEASE.jar;C:\Users\famil\.m2\repository\org\springframework\boot\spring-boot-starter-json\2.3.3.RELEASE\spring-boot-starter-json-2.3.3.RELEASE.jar;C:\Users\famil\.m2\repository\com\fasterxml\jackson\datatype\jackson-datatype-jdk8\2.11.2\jackson-datatype-jdk8-2.11.2.jar;C:\Users\famil\.m2\repository\com\fasterxml\jackson\datatype\jackson-datatype-jsr310\2.11.2\jackson-datatype-jsr310-2.11.2.jar;C:\Users\famil\.m2\repository\com\fasterxml\jackson\module\jackson-module-parameter-names\2.11.2\jackson-module-parameter-names-2.11.2.jar;C:\Users\famil\.m2\repository\org\springframework\boot\spring-boot-starter-tomcat\2.3.3.RELEASE\spring-boot-starter-tomcat-2.3.3.RELEASE.jar;C:\Users\famil\.m2\repository\org\apache\tomcat\embed\tomcat-embed-core\9.0.37\tomcat-embed-core-9.0.37.jar;C:\Users\famil\.m2\repository\org\glassfish\jakarta.el\3.0.3\jakarta.el-3.0.3.jar;C:\Users\famil\.m2\repository\org\apache\tomcat\embed\tomcat-embed-websocket\9.0.37\tomcat-embed-websocket-9.0.37.jar;C:\Users\famil\.m2\repository\org\springframework\spring-web\5.2.8.RELEASE\spring-web-5.2.8.RELEASE.jar;C:\Users\famil\.m2\repository\br\com\zup\beagle\framework\1.2.0\framework-1.2.0.jar;C:\Users\famil\.m2\repository\br\com\zup\beagle\backend-widgets-dsl\1.2.0\backend-widgets-dsl-1.2.0.jar;C:\Users\famil\.m2\repository\br\com\zup\beagle\backend-widgets\1.2.0\backend-widgets-1.2.0.jar;C:\Users\famil\.m2\repository\br\com\zup\beagle\annotation\1.2.0\annotation-1.2.0.jar;C:\Users\famil\.m2\repository\br\com\zup\beagle\kotlin-core\1.2.0\kotlin-core-1.2.0.jar;C:\Users\famil\.m2\repository\br\com\zup\beagle\extended-schema\1.2.0\extended-schema-1.2.0.jar;C:\Users\famil\.m2\repository\com\fasterxml\jackson\module\jackson-module-kotlin\2.11.2\jackson-module-kotlin-2.11.2.jar;C:\Users\famil\.m2\repository\com\google\guava\guava\29.0-jre\guava-29.0-jre.jar;C:\Users\famil\.m2\repository\com\google\guava\failureaccess\1.0.1\failureaccess-1.0.1.jar;C:\Users\famil\.m2\repository\com\google\guava\listenablefuture\9999.0-empty-to-avoid-conflict-with-guava\listenablefuture-9999.0-empty-to-avoid-conflict-with-guava.jar;C:\Users\famil\.m2\repository\com\google\code\findbugs\jsr305\3.0.2\jsr305-3.0.2.jar;C:\Users\famil\.m2\repository\org\checkerframework\checker-qual\2.11.1\checker-qual-2.11.1.jar;C:\Users\famil\.m2\repository\com\google\errorprone\error_prone_annotations\2.3.4\error_prone_annotations-2.3.4.jar;C:\Users\famil\.m2\repository\com\google\j2objc\j2objc-annotations\1.3\j2objc-annotations-1.3.jar;C:\Users\famil\.m2\repository\org\springframework\boot\spring-boot-starter-test\2.3.3.RELEASE\spring-boot-starter-test-2.3.3.RELEASE.jar;C:\Users\famil\.m2\repository\org\springframework\boot\spring-boot-test\2.3.3.RELEASE\spring-boot-test-2.3.3.RELEASE.jar;C:\Users\famil\.m2\repository\org\springframework\boot\spring-boot-test-autoconfigure\2.3.3.RELEASE\spring-boot-test-autoconfigure-2.3.3.RELEASE.jar;C:\Users\famil\.m2\repository\com\jayway\jsonpath\json-path\2.4.0\json-path-2.4.0.jar;C:\Users\famil\.m2\repository\net\minidev\json-smart\2.3\json-smart-2.3.jar;C:\Users\famil\.m2\repository\net\minidev\accessors-smart\1.2\accessors-smart-1.2.jar;C:\Users\famil\.m2\repository\org\ow2\asm\asm\5.0.4\asm-5.0.4.jar;C:\Users\famil\.m2\repository\org\slf4j\slf4j-api\1.7.30\slf4j-api-1.7.30.jar;C:\Users\famil\.m2\repository\jakarta\xml\bind\jakarta.xml.bind-api\2.3.3\jakarta.xml.bind-api-2.3.3.jar;C:\Users\famil\.m2\repository\jakarta\activation\jakarta.activation-api\1.2.2\jakarta.activation-api-1.2.2.jar;C:\Users\famil\.m2\repository\org\assertj\assertj-core\3.16.1\assertj-core-3.16.1.jar;C:\Users\famil\.m2\repository\org\hamcrest\hamcrest\2.2\hamcrest-2.2.jar;C:\Users\famil\.m2\repository\org\junit\jupiter\junit-jupiter\5.6.2\junit-jupiter-5.6.2.jar;C:\Users\famil\.m2\repository\org\junit\jupiter\junit-jupiter-api\5.6.2\junit-jupiter-api-5.6.2.jar;C:\Users\famil\.m2\repository\org\apiguardian\apiguardian-api\1.1.0\apiguardian-api-1.1.0.jar;C:\Users\famil\.m2\repository\org\opentest4j\opentest4j\1.2.0\opentest4j-1.2.0.jar;C:\Users\famil\.m2\repository\org\junit\platform\junit-platform-commons\1.6.2\junit-platform-commons-1.6.2.jar;C:\Users\famil\.m2\repository\org\junit\jupiter\junit-jupiter-params\5.6.2\junit-jupiter-params-5.6.2.jar;C:\Users\famil\.m2\repository\org\junit\jupiter\junit-jupiter-engine\5.6.2\junit-jupiter-engine-5.6.2.jar;C:\Users\famil\.m2\repository\org\junit\platform\junit-platform-engine\1.6.2\junit-platform-engine-1.6.2.jar;C:\Users\famil\.m2\repository\org\mockito\mockito-core\3.3.3\mockito-core-3.3.3.jar;C:\Users\famil\.m2\repository\net\bytebuddy\byte-buddy\1.10.14\byte-buddy-1.10.14.jar;C:\Users\famil\.m2\repository\net\bytebuddy\byte-buddy-agent\1.10.14\byte-buddy-agent-1.10.14.jar;C:\Users\famil\.m2\repository\org\objenesis\objenesis\2.6\objenesis-2.6.jar;C:\Users\famil\.m2\repository\org\mockito\mockito-junit-jupiter\3.3.3\mockito-junit-jupiter-3.3.3.jar;C:\Users\famil\.m2\repository\org\skyscreamer\jsonassert\1.5.0\jsonassert-1.5.0.jar;C:\Users\famil\.m2\repository\com\vaadin\external\google\android-json\0.0.20131108.vaadin1\android-json-0.0.20131108.vaadin1.jar;C:\Users\famil\.m2\repository\org\springframework\spring-test\5.2.8.RELEASE\spring-test-5.2.8.RELEASE.jar;C:\Users\famil\.m2\repository\org\xmlunit\xmlunit-core\2.7.0\xmlunit-core-2.7.0.jar;"/>
    <property name="sun.cpu.endian" value="little"/>
    <property name="user.home" value="C:\Users\famil"/>
    <property name="user.language" value="pt"/>
    <property name="java.specification.vendor" value="Oracle Corporation"/>
    <property name="java.version.date" value="2020-07-14"/>
    <property name="java.home" value="C:\Program Files\OpenJDK\jdk-14.0.2"/>
    <property name="file.separator" value="\"/>
    <property name="basedir" value="C:\Users\famil\Desktop\HackPelaGastronomia\chefemcasa-bff"/>
    <property name="java.vm.compressedOopsMode" value="Zero based"/>
    <property name="line.separator" value="&#10;"/>
    <property name="java.vm.specification.vendor" value="Oracle Corporation"/>
    <property name="java.specification.name" value="Java Platform API Specification"/>
    <property name="surefire.real.class.path" value="C:\Users\famil\AppData\Local\Temp\surefire10259470756068510564\surefirebooter5300392610204428283.jar"/>
    <property name="user.script" value=""/>
    <property name="sun.management.compiler" value="HotSpot 64-Bit Tiered Compilers"/>
    <property name="java.runtime.version" value="14.0.2+12-46"/>
    <property name="user.name" value="famil"/>
    <property name="path.separator" value=";"/>
    <property name="os.version" value="10.0"/>
    <property name="java.runtime.name" value="OpenJDK Runtime Environment"/>
    <property name="file.encoding" value="Cp1252"/>
    <property name="java.vm.name" value="OpenJDK 64-Bit Server VM"/>
    <property name="localRepository" value="C:\Users\famil\.m2\repository"/>
    <property name="java.vendor.url.bug" value="https://bugreport.java.com/bugreport/"/>
    <property name="java.io.tmpdir" value="C:\Users\famil\AppData\Local\Temp\"/>
    <property name="idea.version" value="2020.2.1"/>
    <property name="java.version" value="14.0.2"/>
    <property name="user.dir" value="C:\Users\famil\Desktop\HackPelaGastronomia\chefemcasa-bff"/>
    <property name="os.arch" value="amd64"/>
    <property name="java.vm.specification.name" value="Java Virtual Machine Specification"/>
    <property name="sun.os.patch.level" value=""/>
    <property name="java.library.path" value="C:\Program Files\OpenJDK\jdk-14.0.2\bin;C:\Windows\Sun\Java\bin;C:\Windows\system32;C:\Windows;C:\Windows\system32;C:\Windows;C:\Windows\System32\Wbem;C:\Windows\System32\WindowsPowerShell\v1.0\;C:\Windows\System32\OpenSSH\;C:\Program Files\NVIDIA Corporation\NVIDIA NvDLISR;C:\Program Files (x86)\NVIDIA Corporation\PhysX\Common;C:\ProgramData\chocolatey\bin;C:\Program Files\OpenJDK\jdk-14.0.2\bin;C:\Program Files\Git\cmd;C:\Users\famil\AppData\Local\Microsoft\WindowsApps;;C:\Users\famil\AppData\Local\Programs\Microsoft VS Code\bin;C:\Program Files\JetBrains\IntelliJ IDEA 2020.2.1\bin;;C:\Program Files\Heroku\bin;."/>
    <property name="java.vm.info" value="mixed mode, sharing"/>
    <property name="java.vendor" value="Oracle Corporation"/>
    <property name="java.vm.version" value="14.0.2+12-46"/>
    <property name="sun.io.unicode.encoding" value="UnicodeLittle"/>
    <property name="java.class.version" value="58.0"/>
  </properties>
  <testcase name="contextLoads" classname="com.example.chefemcasabff.ChefemcasaBffApplicationTests" time="0.398"/>
</testsuite>